14:49:39 [INFO] starting tacky-borders
14:49:40 [INFO] generating default config in C:\Users\Dizem\.config\tacky-borders
14:49:40 [INFO] border is disabled for HWND(0xb0694)
14:49:40 [INFO] border is disabled for HWND(0x200a82)
14:49:40 [INFO] border is disabled for HWND(0x180644)
14:49:40 [INFO] border is disabled for HWND(0xa09e8)
14:50:11 [INFO] border is disabled for HWND(0xb06bc)
14:50:15 [INFO] border is disabled for HWND(0x1d0caa)
14:50:15 [INFO] border is disabled for HWND(0x130986)
14:50:26 [INFO] border is disabled for HWND(0x850010)
14:51:23 [INFO] border is disabled for HWND(0x101ce)
14:51:23 [INFO] border is disabled for HWND(0x301d4)
14:52:25 [INFO] border is disabled for HWND(0xb06bc)
14:52:39 [INFO] border is disabled for HWND(0xb06bc)
15:01:19 [INFO] config.yaml has changed; reloading borders
15:01:19 [INFO] border is disabled for HWND(0xb0694)
15:01:19 [INFO] border is disabled for HWND(0x200a82)
15:01:19 [INFO] border is disabled for HWND(0x180644)
15:01:19 [INFO] border is disabled for HWND(0xa09e8)
15:01:19 [ERROR] received invalid dpi of 0 from GetDpiForWindow for HWND(0x30069c)
15:01:28 [ERROR] could not reload config: global: data did not match any variant of untagged enum RadiusConfig at line 7 column 3
15:01:28 [INFO] config.yaml has changed; reloading borders
15:01:28 [ERROR] could not reload config: global: data did not match any variant of untagged enum RadiusConfig at line 7 column 3
15:01:34 [INFO] config.yaml has changed; reloading borders
15:01:34 [INFO] border is disabled for HWND(0xb0694)
15:01:34 [INFO] border is disabled for HWND(0x200a82)
15:01:34 [INFO] border is disabled for HWND(0x180644)
15:01:34 [INFO] border is disabled for HWND(0xa09e8)
15:01:59 [INFO] config.yaml has changed; reloading borders
15:01:59 [INFO] border is disabled for HWND(0xb0694)
15:01:59 [INFO] border is disabled for HWND(0x200a82)
15:01:59 [INFO] border is disabled for HWND(0x180644)
15:01:59 [INFO] border is disabled for HWND(0xa09e8)
15:01:59 [ERROR] received invalid dpi of 0 from GetDpiForWindow for HWND(0x33069c)
15:02:19 [ERROR] could not reload config: global: data did not match any variant of untagged enum ColorConfig at line 7 column 3
15:02:19 [INFO] config.yaml has changed; reloading borders
15:02:19 [ERROR] received invalid dpi of 0 from GetDpiForWindow for HWND(0xf0c54)
15:02:20 [ERROR] could not reload config: global: data did not match any variant of untagged enum ColorConfig at line 7 column 3
15:02:26 [INFO] config.yaml has changed; reloading borders
15:02:26 [INFO] border is disabled for HWND(0xb0694)
15:02:26 [INFO] border is disabled for HWND(0x200a82)
15:02:26 [INFO] border is disabled for HWND(0x180644)
15:02:26 [INFO] border is disabled for HWND(0xa09e8)
15:02:26 [ERROR] received invalid dpi of 0 from GetDpiForWindow for HWND(0xd40d1e)
15:02:58 [INFO] config.yaml has changed; reloading borders
15:02:58 [INFO] border is disabled for HWND(0x210d04)
15:02:58 [INFO] border is disabled for HWND(0xb0694)
15:02:58 [INFO] border is disabled for HWND(0x200a82)
15:02:58 [INFO] border is disabled for HWND(0x180644)
15:02:58 [INFO] border is disabled for HWND(0xa09e8)
15:02:58 [ERROR] received invalid dpi of 0 from GetDpiForWindow for HWND(0xaf0672)
15:03:18 [INFO] config.yaml has changed; reloading borders
15:03:18 [INFO] border is disabled for HWND(0x210d04)
15:03:18 [INFO] border is disabled for HWND(0xb0694)
15:03:18 [INFO] border is disabled for HWND(0x200a82)
15:03:18 [INFO] border is disabled for HWND(0x180644)
15:03:18 [INFO] border is disabled for HWND(0xa09e8)
15:03:18 [ERROR] could not parse hex: invalid hex: fffff
15:03:18 [ERROR] could not parse hex: invalid hex: fffff
15:03:18 [ERROR] could not parse hex: invalid hex: fffff
15:03:18 [ERROR] received invalid dpi of 0 from GetDpiForWindow for HWND(0x120c54)
15:03:25 [INFO] config.yaml has changed; reloading borders
15:03:25 [INFO] border is disabled for HWND(0x210d04)
15:03:25 [INFO] border is disabled for HWND(0xb0694)
15:03:25 [INFO] border is disabled for HWND(0x200a82)
15:03:25 [INFO] border is disabled for HWND(0x180644)
15:03:25 [INFO] border is disabled for HWND(0xa09e8)
15:03:25 [ERROR] received invalid dpi of 0 from GetDpiForWindow for HWND(0xb10672)
15:03:33 [INFO] config.yaml has changed; reloading borders
15:03:33 [INFO] border is disabled for HWND(0x210d04)
15:03:33 [INFO] border is disabled for HWND(0xb0694)
15:03:33 [INFO] border is disabled for HWND(0x200a82)
15:03:33 [INFO] border is disabled for HWND(0x180644)
15:03:33 [INFO] border is disabled for HWND(0xa09e8)
15:03:33 [ERROR] received invalid dpi of 0 from GetDpiForWindow for HWND(0xb20672)
15:03:39 [INFO] config.yaml has changed; reloading borders
15:03:39 [INFO] border is disabled for HWND(0x210d04)
15:03:39 [INFO] border is disabled for HWND(0xb0694)
15:03:39 [INFO] border is disabled for HWND(0x200a82)
15:03:39 [INFO] border is disabled for HWND(0x180644)
15:03:39 [INFO] border is disabled for HWND(0xa09e8)
15:03:39 [ERROR] received invalid dpi of 0 from GetDpiForWindow for HWND(0x150c54)
15:03:48 [INFO] config.yaml has changed; reloading borders
15:03:48 [INFO] border is disabled for HWND(0x210d04)
15:03:48 [INFO] border is disabled for HWND(0xb0694)
15:03:48 [INFO] border is disabled for HWND(0x200a82)
15:03:48 [INFO] border is disabled for HWND(0x180644)
15:03:48 [INFO] border is disabled for HWND(0xa09e8)
15:04:10 [INFO] border is disabled for HWND(0x1140602)
15:39:56 [INFO] config.yaml has changed; reloading borders
15:39:56 [INFO] border is disabled for HWND(0xb0694)
15:39:56 [INFO] border is disabled for HWND(0x200a82)
15:39:56 [INFO] border is disabled for HWND(0x180644)
15:39:56 [INFO] border is disabled for HWND(0xa09e8)
15:39:56 [ERROR] received invalid dpi of 0 from GetDpiForWindow for HWND(0x360ad2)
15:39:58 [INFO] config.yaml has changed; reloading borders
15:39:58 [INFO] border is disabled for HWND(0xb0694)
15:39:58 [INFO] border is disabled for HWND(0x200a82)
15:39:58 [INFO] border is disabled for HWND(0x180644)
15:39:58 [INFO] border is disabled for HWND(0xa09e8)
15:40:02 [INFO] config.yaml has changed; reloading borders
15:40:02 [INFO] border is disabled for HWND(0xb0694)
15:40:02 [INFO] border is disabled for HWND(0x200a82)
15:40:02 [INFO] border is disabled for HWND(0x180644)
15:40:02 [INFO] border is disabled for HWND(0xa09e8)
15:40:02 [ERROR] received invalid dpi of 0 from GetDpiForWindow for HWND(0x160bc6)
15:40:03 [INFO] config.yaml has changed; reloading borders
15:40:03 [INFO] border is disabled for HWND(0xb0694)
15:40:03 [INFO] border is disabled for HWND(0x200a82)
15:40:03 [INFO] border is disabled for HWND(0x180644)
15:40:03 [INFO] border is disabled for HWND(0xa09e8)
15:40:10 [INFO] config.yaml has changed; reloading borders
15:40:10 [INFO] border is disabled for HWND(0xb0694)
15:40:10 [INFO] border is disabled for HWND(0x200a82)
15:40:10 [INFO] border is disabled for HWND(0x180644)
15:40:10 [INFO] border is disabled for HWND(0xa09e8)
15:40:10 [ERROR] received invalid dpi of 0 from GetDpiForWindow for HWND(0x3a0ad2)
16:01:59 [INFO] border is disabled for HWND(0x210d04)
16:02:25 [INFO] config.yaml has changed; reloading borders
16:02:25 [INFO] border is disabled for HWND(0xb0694)
16:02:25 [INFO] border is disabled for HWND(0x200a82)
16:02:25 [INFO] border is disabled for HWND(0x180644)
16:02:25 [INFO] border is disabled for HWND(0xa09e8)
16:02:25 [ERROR] received invalid dpi of 0 from GetDpiForWindow for HWND(0x370554)
16:02:32 [INFO] config.yaml has changed; reloading borders
16:02:32 [INFO] border is disabled for HWND(0xb0694)
16:02:32 [INFO] border is disabled for HWND(0x200a82)
16:02:32 [INFO] border is disabled for HWND(0x180644)
16:02:32 [INFO] border is disabled for HWND(0xa09e8)
16:02:32 [ERROR] received invalid dpi of 0 from GetDpiForWindow for HWND(0x240bce)
16:02:39 [INFO] config.yaml has changed; reloading borders
16:02:39 [INFO] border is disabled for HWND(0xb0694)
16:02:39 [INFO] border is disabled for HWND(0x200a82)
16:02:39 [INFO] border is disabled for HWND(0x180644)
16:02:39 [INFO] border is disabled for HWND(0xa09e8)
16:02:39 [ERROR] received invalid dpi of 0 from GetDpiForWindow for HWND(0x1b0bc6)
16:02:45 [INFO] config.yaml has changed; reloading borders
16:02:45 [INFO] border is disabled for HWND(0xb0694)
16:02:45 [INFO] border is disabled for HWND(0x200a82)
16:02:45 [INFO] border is disabled for HWND(0x180644)
16:02:45 [INFO] border is disabled for HWND(0xa09e8)
16:02:45 [ERROR] received invalid dpi of 0 from GetDpiForWindow for HWND(0x110ce2)
16:02:56 [INFO] config.yaml has changed; reloading borders
16:02:56 [INFO] border is disabled for HWND(0xb0694)
16:02:56 [INFO] border is disabled for HWND(0x200a82)
16:02:56 [INFO] border is disabled for HWND(0x180644)
16:02:56 [INFO] border is disabled for HWND(0xa09e8)
16:02:56 [ERROR] received invalid dpi of 0 from GetDpiForWindow for HWND(0x120ce2)
16:03:04 [INFO] config.yaml has changed; reloading borders
16:03:04 [INFO] border is disabled for HWND(0xb0694)
16:03:04 [INFO] border is disabled for HWND(0x200a82)
16:03:04 [INFO] border is disabled for HWND(0x180644)
16:03:04 [INFO] border is disabled for HWND(0xa09e8)
16:03:04 [ERROR] received invalid dpi of 0 from GetDpiForWindow for HWND(0x1c0b18)
16:03:10 [INFO] config.yaml has changed; reloading borders
16:03:10 [INFO] border is disabled for HWND(0xb0694)
16:03:10 [INFO] border is disabled for HWND(0x200a82)
16:03:10 [INFO] border is disabled for HWND(0x180644)
16:03:10 [INFO] border is disabled for HWND(0xa09e8)
16:03:10 [ERROR] received invalid dpi of 0 from GetDpiForWindow for HWND(0xc50672)
16:03:27 [INFO] config.yaml has changed; reloading borders
16:03:27 [INFO] border is disabled for HWND(0xb0694)
16:03:27 [INFO] border is disabled for HWND(0x200a82)
16:03:27 [INFO] border is disabled for HWND(0x180644)
16:03:27 [INFO] border is disabled for HWND(0xa09e8)
16:03:27 [ERROR] received invalid dpi of 0 from GetDpiForWindow for HWND(0x1e0b18)
16:03:36 [INFO] config.yaml has changed; reloading borders
16:03:36 [INFO] border is disabled for HWND(0xb0694)
16:03:36 [INFO] border is disabled for HWND(0x200a82)
16:03:36 [INFO] border is disabled for HWND(0x180644)
16:03:36 [INFO] border is disabled for HWND(0xa09e8)
16:03:36 [ERROR] received invalid dpi of 0 from GetDpiForWindow for HWND(0x210bc6)
16:03:40 [INFO] config.yaml has changed; reloading borders
16:03:40 [INFO] border is disabled for HWND(0xb0694)
16:03:40 [INFO] border is disabled for HWND(0x200a82)
16:03:40 [INFO] border is disabled for HWND(0x180644)
16:03:40 [INFO] border is disabled for HWND(0xa09e8)
16:03:40 [ERROR] received invalid dpi of 0 from GetDpiForWindow for HWND(0x220bc6)
16:03:44 [INFO] config.yaml has changed; reloading borders
16:03:44 [INFO] border is disabled for HWND(0xb0694)
16:03:44 [INFO] border is disabled for HWND(0x200a82)
16:03:44 [INFO] border is disabled for HWND(0x180644)
16:03:44 [INFO] border is disabled for HWND(0xa09e8)
16:03:44 [ERROR] config contains an invalid gradient direction!
16:03:44 [ERROR] config contains an invalid gradient direction!
16:03:44 [ERROR] config contains an invalid gradient direction!
16:03:44 [ERROR] received invalid dpi of 0 from GetDpiForWindow for HWND(0xc90672)
16:03:48 [INFO] config.yaml has changed; reloading borders
16:03:48 [INFO] border is disabled for HWND(0xb0694)
16:03:48 [INFO] border is disabled for HWND(0x200a82)
16:03:48 [INFO] border is disabled for HWND(0x180644)
16:03:48 [INFO] border is disabled for HWND(0xa09e8)
16:03:48 [ERROR] received invalid dpi of 0 from GetDpiForWindow for HWND(0x240bc6)
16:03:56 [INFO] config.yaml has changed; reloading borders
16:03:56 [INFO] border is disabled for HWND(0xb0694)
16:03:56 [INFO] border is disabled for HWND(0x200a82)
16:03:56 [INFO] border is disabled for HWND(0x180644)
16:03:56 [INFO] border is disabled for HWND(0xa09e8)
16:03:56 [ERROR] received invalid dpi of 0 from GetDpiForWindow for HWND(0x230b18)
16:04:02 [INFO] config.yaml has changed; reloading borders
16:04:02 [INFO] border is disabled for HWND(0xb0694)
16:04:02 [INFO] border is disabled for HWND(0x200a82)
16:04:02 [INFO] border is disabled for HWND(0x180644)
16:04:02 [INFO] border is disabled for HWND(0xa09e8)
16:04:02 [ERROR] received invalid dpi of 0 from GetDpiForWindow for HWND(0x240b18)
16:04:22 [INFO] config.yaml has changed; reloading borders
16:04:22 [INFO] border is disabled for HWND(0xb0694)
16:04:22 [INFO] border is disabled for HWND(0x200a82)
16:04:22 [INFO] border is disabled for HWND(0x180644)
16:04:22 [INFO] border is disabled for HWND(0xa09e8)
16:04:22 [ERROR] received invalid dpi of 0 from GetDpiForWindow for HWND(0x250b18)
16:05:14 [INFO] config.yaml has changed; reloading borders
16:05:14 [INFO] border is disabled for HWND(0xb0694)
16:05:14 [INFO] border is disabled for HWND(0x200a82)
16:05:14 [INFO] border is disabled for HWND(0x180644)
16:05:14 [INFO] border is disabled for HWND(0xa09e8)
16:05:14 [ERROR] received invalid dpi of 0 from GetDpiForWindow for HWND(0x140ce2)
16:05:41 [INFO] config.yaml has changed; reloading borders
16:05:41 [INFO] border is disabled for HWND(0xb0694)
16:05:41 [INFO] border is disabled for HWND(0x200a82)
16:05:41 [INFO] border is disabled for HWND(0x180644)
16:05:41 [INFO] border is disabled for HWND(0xa09e8)
16:05:41 [ERROR] received invalid dpi of 0 from GetDpiForWindow for HWND(0x160ce2)
16:05:53 [INFO] config.yaml has changed; reloading borders
16:05:53 [INFO] border is disabled for HWND(0xb0694)
16:05:53 [INFO] border is disabled for HWND(0x200a82)
16:05:53 [INFO] border is disabled for HWND(0x180644)
16:05:53 [INFO] border is disabled for HWND(0xa09e8)
16:05:53 [ERROR] received invalid dpi of 0 from GetDpiForWindow for HWND(0x2b0bc6)
16:06:00 [INFO] config.yaml has changed; reloading borders
16:06:00 [INFO] border is disabled for HWND(0xb0694)
16:06:00 [INFO] border is disabled for HWND(0x200a82)
16:06:00 [INFO] border is disabled for HWND(0x180644)
16:06:00 [INFO] border is disabled for HWND(0xa09e8)
16:06:00 [ERROR] received invalid dpi of 0 from GetDpiForWindow for HWND(0x180ce2)
16:06:05 [INFO] config.yaml has changed; reloading borders
16:06:05 [INFO] border is disabled for HWND(0xb0694)
16:06:05 [INFO] border is disabled for HWND(0x200a82)
16:06:05 [INFO] border is disabled for HWND(0x180644)
16:06:05 [INFO] border is disabled for HWND(0xa09e8)
16:06:05 [ERROR] received invalid dpi of 0 from GetDpiForWindow for HWND(0x190ce2)
16:06:07 [INFO] config.yaml has changed; reloading borders
16:06:07 [INFO] border is disabled for HWND(0xb0694)
16:06:07 [INFO] border is disabled for HWND(0x200a82)
16:06:07 [INFO] border is disabled for HWND(0x180644)
16:06:07 [INFO] border is disabled for HWND(0xa09e8)
16:06:07 [ERROR] received invalid dpi of 0 from GetDpiForWindow for HWND(0xd30672)
16:06:17 [INFO] config.yaml has changed; reloading borders
16:06:17 [INFO] border is disabled for HWND(0xb0694)
16:06:17 [INFO] border is disabled for HWND(0x200a82)
16:06:17 [INFO] border is disabled for HWND(0x180644)
16:06:17 [INFO] border is disabled for HWND(0xa09e8)
16:06:17 [ERROR] received invalid dpi of 0 from GetDpiForWindow for HWND(0x290b18)
16:07:27 [INFO] border is disabled for HWND(0x101ce)
16:07:27 [INFO] border is disabled for HWND(0x301d4)
16:08:04 [INFO] border is disabled for HWND(0x101ce)
16:08:04 [INFO] border is disabled for HWND(0x301d4)
16:08:41 [INFO] border is disabled for HWND(0x101ce)
16:08:41 [INFO] border is disabled for HWND(0x301d4)
16:08:46 [INFO] border is disabled for HWND(0x101ce)
16:08:46 [INFO] border is disabled for HWND(0x301d4)
16:08:53 [INFO] border is disabled for HWND(0x3a0b9a)
16:10:27 [INFO] border is disabled for HWND(0x101ce)
16:10:27 [INFO] border is disabled for HWND(0x301d4)
16:10:31 [INFO] border is disabled for HWND(0x52087a)
16:10:39 [INFO] border is disabled for HWND(0x5d0c4e)
16:10:40 [INFO] border is disabled for HWND(0x5e0c4e)
16:22:44 [INFO] border is disabled for HWND(0x3010e)
16:23:54 [INFO] border is disabled for HWND(0x3010e)
16:25:24 [INFO] border is disabled for HWND(0x301d4)
16:25:34 [INFO] border is disabled for HWND(0x3010e)
16:32:35 [INFO] border is disabled for HWND(0x330d0c)
16:35:12 [INFO] border is disabled for HWND(0x52087a)
20:15:52 [INFO] border is disabled for HWND(0x3010e)
20:37:21 [INFO] border is disabled for HWND(0x101ce)
20:37:21 [INFO] border is disabled for HWND(0x301d4)
20:37:44 [ERROR] could not set window position for HWND(0x90cd0): Accès refusé. (0x80070005)
20:37:44 [ERROR] could not set window position for HWND(0x90cd0): Accès refusé. (0x80070005)
20:37:44 [ERROR] could not set window position for HWND(0x90cd0): Accès refusé. (0x80070005)
20:37:44 [ERROR] could not set window position for HWND(0x90cd0): Accès refusé. (0x80070005)
20:37:44 [ERROR] could not send animation timer message for HWND(0x1b09ee): Handle de fenêtre non valide. (0x80070578)
20:38:23 [ERROR] could not set window position for HWND(0x90cea): Accès refusé. (0x80070005)
20:38:23 [ERROR] could not set window position for HWND(0x90cea): Accès refusé. (0x80070005)
20:38:23 [ERROR] could not set window position for HWND(0x90cea): Accès refusé. (0x80070005)
20:38:23 [ERROR] could not set window position for HWND(0x90cea): Accès refusé. (0x80070005)
20:38:23 [ERROR] could not send animation timer message for HWND(0x54f0870): Handle de fenêtre non valide. (0x80070578)
20:38:40 [INFO] border is disabled for HWND(0x101ce)
20:38:40 [INFO] border is disabled for HWND(0x301d4)
20:39:24 [INFO] border is disabled for HWND(0x3010e)
20:39:24 [INFO] border is disabled for HWND(0x101ce)
20:39:24 [INFO] border is disabled for HWND(0x301d4)
20:41:24 [ERROR] could not get window rect for HWND(0xe0cdc): Descripteur non valide (0x80070006)
20:41:32 [INFO] border is disabled for HWND(0xe0cea)
20:43:49 [INFO] border is disabled for HWND(0x101ce)
20:43:49 [INFO] border is disabled for HWND(0x301d4)
20:43:52 [ERROR] could not set window position for HWND(0x3d0d08): Accès refusé. (0x80070005)
20:43:52 [ERROR] could not set window position for HWND(0x3d0d08): Accès refusé. (0x80070005)
20:43:52 [ERROR] could not send animation timer message for HWND(0x20d78): Handle de fenêtre non valide. (0x80070578)
20:44:07 [ERROR] could not set window position for HWND(0x15057e): Accès refusé. (0x80070005)
20:44:07 [ERROR] could not set window position for HWND(0x15057e): Accès refusé. (0x80070005)
20:44:07 [ERROR] could not send animation timer message for HWND(0x2100e): Handle de fenêtre non valide. (0x80070578)
20:44:28 [INFO] border is disabled for HWND(0x101ce)
20:44:28 [INFO] border is disabled for HWND(0x301d4)
20:44:35 [INFO] border is disabled for HWND(0xb06bc)
20:44:36 [INFO] border is disabled for HWND(0x101ce)
20:44:36 [INFO] border is disabled for HWND(0x301d4)
20:44:38 [ERROR] could not set window position for HWND(0x15057e): Accès refusé. (0x80070005)
20:44:38 [ERROR] could not set window position for HWND(0x15057e): Accès refusé. (0x80070005)
20:44:38 [ERROR] could not set window position for HWND(0x3d0d08): Accès refusé. (0x80070005)
20:44:38 [ERROR] could not set window position for HWND(0x3d0d08): Accès refusé. (0x80070005)
20:44:38 [ERROR] could not send animation timer message for HWND(0xa0d12): Handle de fenêtre non valide. (0x80070578)
20:44:38 [ERROR] could not send animation timer message for HWND(0x52089c): Handle de fenêtre non valide. (0x80070578)
20:45:30 [ERROR] could not set window position for HWND(0x40e22): Accès refusé. (0x80070005)
20:45:30 [ERROR] could not set window position for HWND(0x40e22): Accès refusé. (0x80070005)
20:45:30 [ERROR] could not send animation timer message for HWND(0x31000): Handle de fenêtre non valide. (0x80070578)
20:45:41 [ERROR] could not set window position for HWND(0x40f9c): Accès refusé. (0x80070005)
20:45:41 [ERROR] could not set window position for HWND(0x40f9c): Accès refusé. (0x80070005)
20:45:41 [ERROR] could not set window position for HWND(0x40f9c): Accès refusé. (0x80070005)
20:46:16 [INFO] border is disabled for HWND(0xb06bc)
20:50:33 [INFO] border is disabled for HWND(0x101ce)
20:50:33 [INFO] border is disabled for HWND(0x301d4)
20:55:14 [INFO] border is disabled for HWND(0x101ce)
20:55:14 [INFO] border is disabled for HWND(0x301d4)
20:55:15 [INFO] border is disabled for HWND(0x101ce)
20:55:15 [INFO] border is disabled for HWND(0x301d4)
20:55:34 [INFO] border is disabled for HWND(0x101ce)
20:55:34 [INFO] border is disabled for HWND(0x301d4)
20:55:35 [INFO] border is disabled for HWND(0x101ce)
20:55:35 [INFO] border is disabled for HWND(0x301d4)
20:58:54 [INFO] border is disabled for HWND(0x101ce)
20:58:54 [INFO] border is disabled for HWND(0x301d4)
20:58:58 [INFO] border is disabled for HWND(0x1c084c)
20:58:58 [INFO] border is disabled for HWND(0x1b0b68)
20:58:58 [INFO] border is disabled for HWND(0xc0746)
21:03:51 [INFO] border is disabled for HWND(0x101ce)
21:03:51 [INFO] border is disabled for HWND(0x301d4)
21:03:56 [INFO] border is disabled for HWND(0xb06bc)
21:03:59 [INFO] border is disabled for HWND(0x2d1018)
21:03:59 [INFO] border is disabled for HWND(0x1b0648)
21:04:00 [INFO] border is disabled for HWND(0x1c0648)
21:07:44 [INFO] border is disabled for HWND(0x101ce)
21:07:44 [INFO] border is disabled for HWND(0x301d4)
21:07:46 [INFO] border is disabled for HWND(0x110624)
21:22:09 [INFO] border is disabled for HWND(0x101ce)
21:22:09 [INFO] border is disabled for HWND(0x301d4)
10:19:40 [INFO] starting tacky-borders
10:19:40 [INFO] border is disabled for HWND(0x5054a)
10:19:40 [INFO] border is disabled for HWND(0x704ae)
10:33:28 [INFO] border is disabled for HWND(0x1106da)
12:09:28 [INFO] border is disabled for HWND(0x5054a)
12:09:30 [INFO] border is disabled for HWND(0x101d8)
12:09:30 [INFO] border is disabled for HWND(0x101e0)
12:30:28 [INFO] border is disabled for HWND(0x408d4)
12:32:49 [INFO] border is disabled for HWND(0x408d4)
12:49:40 [INFO] border is disabled for HWND(0x101d8)
12:49:40 [INFO] border is disabled for HWND(0x101e0)
12:49:43 [ERROR] could not set window position for HWND(0xa06d2): Accès refusé. (0x80070005)
12:49:44 [ERROR] could not set window position for HWND(0xa06d2): Accès refusé. (0x80070005)
12:49:44 [ERROR] could not set window position for HWND(0xa06d2): Accès refusé. (0x80070005)
12:49:44 [ERROR] could not send animation timer message for HWND(0x2044c): Handle de fenêtre non valide. (0x80070578)
12:49:47 [ERROR] could not set window position for HWND(0x80448): Accès refusé. (0x80070005)
12:49:47 [ERROR] could not set window position for HWND(0x80448): Accès refusé. (0x80070005)
12:49:47 [ERROR] could not send animation timer message for HWND(0x20416): Handle de fenêtre non valide. (0x80070578)
12:49:58 [INFO] border is disabled for HWND(0x50664)
12:51:02 [INFO] border is disabled for HWND(0x101d8)
12:51:02 [INFO] border is disabled for HWND(0x101e0)
12:53:09 [INFO] starting tacky-borders
12:53:17 [ERROR] could not get window rect for HWND(0x105aa): Descripteur non valide (0x80070006)
12:53:18 [ERROR] could not set window position for HWND(0x1060e): Accès refusé. (0x80070005)
12:53:18 [ERROR] could not set window position for HWND(0x1060e): Accès refusé. (0x80070005)
12:53:18 [ERROR] could not set window position for HWND(0x1060e): Accès refusé. (0x80070005)
12:53:18 [ERROR] could not set window position for HWND(0x1060e): Accès refusé. (0x80070005)
12:53:18 [ERROR] could not set window position for HWND(0x1060e): Accès refusé. (0x80070005)
12:53:18 [ERROR] could not send animation timer message for HWND(0x10658): Handle de fenêtre non valide. (0x80070578)
12:56:40 [INFO] border is disabled for HWND(0x506ac)
13:03:43 [ERROR] could not set window position for HWND(0x2060e): Accès refusé. (0x80070005)
13:03:43 [ERROR] could not set window position for HWND(0x2060e): Accès refusé. (0x80070005)
13:03:43 [ERROR] could not set window position for HWND(0x2060e): Accès refusé. (0x80070005)
13:03:47 [INFO] border is disabled for HWND(0x2067e)
13:04:20 [INFO] border is disabled for HWND(0x101e4)
13:04:20 [INFO] border is disabled for HWND(0x301f0)
13:04:26 [INFO] border is disabled for HWND(0x20654)
13:19:56 [INFO] border is disabled for HWND(0x101e4)
13:19:56 [INFO] border is disabled for HWND(0x301f0)
13:19:59 [INFO] border is disabled for HWND(0x101e4)
13:19:59 [INFO] border is disabled for HWND(0x301f0)
13:35:31 [INFO] border is disabled for HWND(0x101e4)
13:35:31 [INFO] border is disabled for HWND(0x301f0)
13:35:42 [INFO] border is disabled for HWND(0x10740)
13:36:22 [INFO] border is disabled for HWND(0x101e4)
13:36:22 [INFO] border is disabled for HWND(0x301f0)
13:36:25 [INFO] border is disabled for HWND(0x101e4)
13:36:25 [INFO] border is disabled for HWND(0x301f0)
13:36:32 [INFO] border is disabled for HWND(0x101e4)
13:36:32 [INFO] border is disabled for HWND(0x301f0)
13:37:04 [INFO] border is disabled for HWND(0xd50376)
13:37:08 [INFO] border is disabled for HWND(0xd70376)
13:38:45 [INFO] border is disabled for HWND(0x101e4)
13:38:45 [INFO] border is disabled for HWND(0x301f0)
13:38:49 [ERROR] could not set window position for HWND(0xa07b8): Accès refusé. (0x80070005)
13:38:49 [ERROR] could not set window position for HWND(0xa07b8): Accès refusé. (0x80070005)
13:38:49 [ERROR] could not set window position for HWND(0xa07b8): Accès refusé. (0x80070005)
14:08:40 [INFO] border is disabled for HWND(0x101e4)
14:08:40 [INFO] border is disabled for HWND(0x301f0)
14:08:54 [INFO] border is disabled for HWND(0x101e4)
14:08:54 [INFO] border is disabled for HWND(0x301f0)
14:09:28 [INFO] border is disabled for HWND(0x101e4)
14:09:28 [INFO] border is disabled for HWND(0x301f0)
14:11:32 [INFO] border is disabled for HWND(0x101e4)
14:11:32 [INFO] border is disabled for HWND(0x301f0)
14:12:57 [INFO] border is disabled for HWND(0x101e4)
14:12:57 [INFO] border is disabled for HWND(0x301f0)
14:14:03 [INFO] border is disabled for HWND(0x101e4)
14:14:03 [INFO] border is disabled for HWND(0x301f0)
14:14:37 [INFO] border is disabled for HWND(0x506ac)
14:16:36 [INFO] border is disabled for HWND(0x101e4)
14:16:36 [INFO] border is disabled for HWND(0x301f0)
14:16:39 [INFO] border is disabled for HWND(0x506ac)
14:21:03 [INFO] border is disabled for HWND(0x506ac)
14:21:52 [INFO] border is disabled for HWND(0x101e4)
14:21:52 [INFO] border is disabled for HWND(0x301f0)
14:21:56 [INFO] border is disabled for HWND(0x506ac)
14:22:16 [INFO] border is disabled for HWND(0x101e4)
14:22:16 [INFO] border is disabled for HWND(0x301f0)
14:22:20 [INFO] border is disabled for HWND(0x506ac)
14:26:58 [INFO] border is disabled for HWND(0x101e4)
14:26:58 [INFO] border is disabled for HWND(0x301f0)
14:27:02 [INFO] border is disabled for HWND(0x506ac)
14:28:13 [INFO] border is disabled for HWND(0x101e4)
14:28:13 [INFO] border is disabled for HWND(0x301f0)
14:28:17 [INFO] border is disabled for HWND(0x506ac)
14:29:14 [INFO] border is disabled for HWND(0x101e4)
14:29:14 [INFO] border is disabled for HWND(0x301f0)
14:29:19 [INFO] border is disabled for HWND(0x506ac)
14:30:32 [INFO] border is disabled for HWND(0x101e4)
14:30:32 [INFO] border is disabled for HWND(0x301f0)
14:30:36 [INFO] border is disabled for HWND(0x506ac)
14:31:44 [INFO] border is disabled for HWND(0x101e4)
14:31:44 [INFO] border is disabled for HWND(0x301f0)
14:31:48 [INFO] border is disabled for HWND(0x506ac)
14:32:10 [INFO] border is disabled for HWND(0x101e4)
14:32:10 [INFO] border is disabled for HWND(0x301f0)
14:32:14 [INFO] border is disabled for HWND(0x506ac)
14:32:23 [INFO] border is disabled for HWND(0x101e4)
14:32:23 [INFO] border is disabled for HWND(0x301f0)
14:32:27 [INFO] border is disabled for HWND(0x506ac)
14:32:32 [INFO] border is disabled for HWND(0x101e4)
14:32:32 [INFO] border is disabled for HWND(0x301f0)
14:32:36 [INFO] border is disabled for HWND(0x506ac)
14:32:48 [INFO] border is disabled for HWND(0x101e4)
14:32:48 [INFO] border is disabled for HWND(0x301f0)
14:32:52 [INFO] border is disabled for HWND(0x506ac)
14:33:50 [INFO] border is disabled for HWND(0x101e4)
14:33:50 [INFO] border is disabled for HWND(0x301f0)
14:33:54 [INFO] border is disabled for HWND(0x506ac)
14:34:05 [INFO] border is disabled for HWND(0x20072e)
14:34:05 [INFO] border is disabled for HWND(0x340584)
14:34:07 [INFO] border is disabled for HWND(0x101e4)
14:34:07 [INFO] border is disabled for HWND(0x301f0)
14:35:28 [INFO] border is disabled for HWND(0x10740)
14:35:30 [INFO] border is disabled for HWND(0x101e4)
14:35:30 [INFO] border is disabled for HWND(0x301f0)
14:39:11 [INFO] border is disabled for HWND(0x101e4)
14:39:11 [INFO] border is disabled for HWND(0x301f0)
14:39:22 [INFO] border is disabled for HWND(0x101e4)
14:39:22 [INFO] border is disabled for HWND(0x301f0)
14:39:40 [INFO] border is disabled for HWND(0x101e4)
14:39:40 [INFO] border is disabled for HWND(0x301f0)
14:40:45 [INFO] border is disabled for HWND(0x101e4)
14:40:45 [INFO] border is disabled for HWND(0x301f0)
14:40:55 [INFO] border is disabled for HWND(0x101e4)
14:40:55 [INFO] border is disabled for HWND(0x301f0)
14:44:20 [INFO] border is disabled for HWND(0x101e4)
14:44:20 [INFO] border is disabled for HWND(0x301f0)
14:46:52 [INFO] border is disabled for HWND(0x101e4)
14:46:52 [INFO] border is disabled for HWND(0x301f0)
14:46:54 [INFO] border is disabled for HWND(0x101e4)
14:46:54 [INFO] border is disabled for HWND(0x301f0)
15:31:08 [INFO] border is disabled for HWND(0x101e4)
15:31:08 [INFO] border is disabled for HWND(0x301f0)
15:31:15 [INFO] border is disabled for HWND(0x604f8)
15:31:20 [INFO] border is disabled for HWND(0x10740)
15:31:23 [INFO] border is disabled for HWND(0x7089c)
15:31:25 [INFO] border is disabled for HWND(0x8089c)
15:31:43 [INFO] border is disabled for HWND(0x10740)
15:37:43 [INFO] border is disabled for HWND(0x20071c)
15:37:48 [INFO] border is disabled for HWND(0x101e4)
15:37:48 [INFO] border is disabled for HWND(0x301f0)
15:39:02 [INFO] border is disabled for HWND(0x23059c)
15:39:04 [INFO] border is disabled for HWND(0x506ac)
15:39:26 [INFO] border is disabled for HWND(0x10740)
15:41:02 [INFO] border is disabled for HWND(0x101e4)
15:41:02 [INFO] border is disabled for HWND(0x301f0)
15:41:18 [INFO] border is disabled for HWND(0x79076a)
15:41:23 [INFO] border is disabled for HWND(0x10740)
15:41:24 [INFO] border is disabled for HWND(0x101e4)
15:41:24 [INFO] border is disabled for HWND(0x301f0)
15:41:41 [INFO] border is disabled for HWND(0x430878)
15:41:43 [INFO] border is disabled for HWND(0x101e4)
15:41:43 [INFO] border is disabled for HWND(0x301f0)
15:42:11 [INFO] border is disabled for HWND(0x101e4)
15:42:11 [INFO] border is disabled for HWND(0x301f0)
15:58:42 [INFO] border is disabled for HWND(0x101e4)
15:58:42 [INFO] border is disabled for HWND(0x301f0)
16:01:13 [INFO] border is disabled for HWND(0x101e4)
16:01:13 [INFO] border is disabled for HWND(0x301f0)
16:02:01 [INFO] border is disabled for HWND(0x101e4)
16:02:01 [INFO] border is disabled for HWND(0x301f0)
16:03:49 [INFO] border is disabled for HWND(0x101e4)
16:03:49 [INFO] border is disabled for HWND(0x301f0)
16:04:02 [INFO] border is disabled for HWND(0x10740)
16:04:04 [INFO] border is disabled for HWND(0x101e4)
16:04:04 [INFO] border is disabled for HWND(0x301f0)
16:04:38 [INFO] border is disabled for HWND(0x101e4)
16:04:38 [INFO] border is disabled for HWND(0x301f0)
16:04:51 [INFO] border is disabled for HWND(0x101e4)
16:04:51 [INFO] border is disabled for HWND(0x301f0)
16:09:54 [INFO] border is disabled for HWND(0x101e4)
16:09:54 [INFO] border is disabled for HWND(0x301f0)
16:11:38 [INFO] border is disabled for HWND(0x101e4)
16:11:38 [INFO] border is disabled for HWND(0x301f0)
16:12:03 [INFO] border is disabled for HWND(0x101e4)
16:12:03 [INFO] border is disabled for HWND(0x301f0)
16:12:32 [INFO] border is disabled for HWND(0x101e4)
16:12:32 [INFO] border is disabled for HWND(0x301f0)
16:12:47 [INFO] border is disabled for HWND(0x101e4)
16:12:47 [INFO] border is disabled for HWND(0x301f0)
16:13:22 [INFO] border is disabled for HWND(0x101e4)
16:13:22 [INFO] border is disabled for HWND(0x301f0)
16:13:26 [ERROR] could not check for changes in config dir: L’opération d’entrée/sortie a été abandonnée en raison de l’arrêt d’un thread ou à la demande d’une application. (0x800703E3)
16:13:26 [INFO] exiting tacky-borders
